<?xml version="1.0" encoding="UTF-8"?>
<testsuite name="jrails.ModelTest" tests="2" skipped="0" failures="0" errors="0" timestamp="2023-11-13T20:13:59" hostname="MacBook-Air.local" time="0.014">
  <properties/>
  <testcase name="id" classname="jrails.ModelTest" time="0.002"/>
  <testcase name="bookTest_all" classname="jrails.ModelTest" time="0.012"/>
  <system-out><![CDATA[bookTest_all
Put 1 into db for the first time
Put 2 into db for the first time
Put 3 into db for the first time
]]></system-out>
  <system-err><![CDATA[]]></system-err>
</testsuite>
